<?xml version="1.0" encoding="UTF-8"?>
<!-- Generated by org.testng.reporters.JUnitXMLReporter -->
<testsuite ignored="0" hostname="TSI0267-sarathkumar" failures="1" tests="3" name="login" time="36.868" errors="0" timestamp="2024-01-08T10:33:14 IST">
  <testcase classname="com.bfm.project.login" name="login" time="21.203"/>
  <testcase classname="com.bfm.project.login" name="logoutTheAccount" time="3.431"/>
  <testcase classname="com.bfm.project.login" name="createacc" time="12.019">
    <failure type="org.openqa.selenium.ElementNotInteractableException" message="Element &amp;lt;span class=&amp;quot;k-input-value-text&amp;quot;&amp;gt; is not reachable by keyboard
Build info: version: &amp;apos;4.15.0&amp;apos;, revision: &amp;apos;1d14b5521b&amp;apos;
System info: os.name: &amp;apos;Windows 11&amp;apos;, os.arch: &amp;apos;amd64&amp;apos;, os.version: &amp;apos;10.0&amp;apos;, java.version: &amp;apos;17.0.8&amp;apos;
Driver info: org.openqa.selenium.firefox.FirefoxDriver
Command: [f34d7365-6e5c-4adb-9714-1da369528a2e, sendKeysToElement {id=5dd7bd68-44cf-46cb-b55b-dc5fbebd7670, value=[Ljava.lang.CharSequence;@257cc1fc}]
Capabilities {acceptInsecureCerts: true, browserName: firefox, browserVersion: 121.0, moz:accessibilityChecks: false, moz:buildID: 20231211174248, moz:debuggerAddress: 127.0.0.1:32230, moz:geckodriverVersion: 0.34.0, moz:headless: false, moz:platformVersion: 10.0, moz:processID: 1860, moz:profile: C:\Windows\SystemTemp\rust_..., moz:shutdownTimeout: 60000, moz:webdriverClick: true, moz:windowless: false, pageLoadStrategy: normal, platformName: windows, proxy: Proxy(), se:cdp: ws://127.0.0.1:32230/devtoo..., se:cdpVersion: 85.0, setWindowRect: true, strictFileInteractability: false, timeouts: {implicit: 0, pageLoad: 300000, script: 30000}, unhandledPromptBehavior: dismiss and notify}
Element: [[FirefoxDriver: firefox on windows (f34d7365-6e5c-4adb-9714-1da369528a2e)] -&amp;gt; xpath: //span[text()=&amp;apos;Select company&amp;apos;]]
Session ID: f34d7365-6e5c-4adb-9714-1da369528a2e">
      <![CDATA[org.openqa.selenium.ElementNotInteractableException: Element <span class="k-input-value-text"> is not reachable by keyboard
Build info: version: '4.15.0', revision: '1d14b5521b'
System info: os.name: 'Windows 11', os.arch: 'amd64', os.version: '10.0', java.version: '17.0.8'
Driver info: org.openqa.selenium.firefox.FirefoxDriver
Command: [f34d7365-6e5c-4adb-9714-1da369528a2e, sendKeysToElement {id=5dd7bd68-44cf-46cb-b55b-dc5fbebd7670, value=[Ljava.lang.CharSequence;@257cc1fc}]
Capabilities {acceptInsecureCerts: true, browserName: firefox, browserVersion: 121.0, moz:accessibilityChecks: false, moz:buildID: 20231211174248, moz:debuggerAddress: 127.0.0.1:32230, moz:geckodriverVersion: 0.34.0, moz:headless: false, moz:platformVersion: 10.0, moz:processID: 1860, moz:profile: C:\Windows\SystemTemp\rust_..., moz:shutdownTimeout: 60000, moz:webdriverClick: true, moz:windowless: false, pageLoadStrategy: normal, platformName: windows, proxy: Proxy(), se:cdp: ws://127.0.0.1:32230/devtoo..., se:cdpVersion: 85.0, setWindowRect: true, strictFileInteractability: false, timeouts: {implicit: 0, pageLoad: 300000, script: 30000}, unhandledPromptBehavior: dismiss and notify}
Element: [[FirefoxDriver: firefox on windows (f34d7365-6e5c-4adb-9714-1da369528a2e)] -> xpath: //span[text()='Select company']]
Session ID: f34d7365-6e5c-4adb-9714-1da369528a2e
at org.openqa.selenium.remote.codec.w3c.W3CHttpResponseCodec.createException(W3CHttpResponseCodec.java:200)
at org.openqa.selenium.remote.codec.w3c.W3CHttpResponseCodec.decode(W3CHttpResponseCodec.java:133)
at org.openqa.selenium.remote.codec.w3c.W3CHttpResponseCodec.decode(W3CHttpResponseCodec.java:52)
at org.openqa.selenium.remote.HttpCommandExecutor.execute(HttpCommandExecutor.java:191)
at org.openqa.selenium.remote.service.DriverCommandExecutor.invokeExecute(DriverCommandExecutor.java:200)
at org.openqa.selenium.remote.service.DriverCommandExecutor.execute(DriverCommandExecutor.java:175)
at org.openqa.selenium.remote.RemoteWebDriver.execute(RemoteWebDriver.java:607)
at org.openqa.selenium.remote.RemoteWebElement.execute(RemoteWebElement.java:224)
at org.openqa.selenium.remote.RemoteWebElement.sendKeys(RemoteWebElement.java:111)
at com.bfm.project.login.createacc(login.java:123)
at java.base/java.util.ArrayList.forEach(ArrayList.java:1511)
... Removed 36 stack frames]]>
    </failure>
  </testcase> <!-- createacc -->
</testsuite> <!-- login -->
